<?xml version="1.0" encoding="UTF-8"?>
<testsuite xmlns:xsi="http://www.w3.org/2001/XMLSchema-instance" xsi:noNamespaceSchemaLocation="https://maven.apache.org/surefire/maven-surefire-plugin/xsd/surefire-test-report.xsd" name="controller.UserAccessTest" time="0.183" tests="3" errors="0" skipped="0" failures="0">
  <properties>
[...]
</properties>
  <testcase name="testGetCustomerByID" classname="controller.UserAccessTest" time="0.172"/>
  <testcase name="testRegisterNewCustomerSuccess" classname="controller.UserAccessTest" time="0.001"/>
  <testcase name="testCustomerLoginSuccess" classname="controller.UserAccessTest" time="0.002"/>
</testsuite>